# JRE version: Java(TM) SE Runtime Environment 18.9 (11.0.11+9) (build 11.0.11+9-LTS-194)
# Java VM: Java HotSpot(TM) 64-Bit Server VM 18.9 (11.0.11+9-LTS-194, mixed mode, tiered, compressed oops, g1 gc, linux-amd64)
Heap:
 garbage-first heap   total 256000K, used 36010K [0x0000000707c00000, 0x0000000800000000)
  region size 1024K, 33 young (33792K), 6 survivors (6144K)
 Metaspace       used 29952K, capacity 30651K, committed 30848K, reserved 1077248K
  class space    used 2900K, capacity 3165K, committed 3200K, reserved 1048576K
GC Heap History (10 events):
Event: 69,827 GC heap before
{Heap before GC invocations=5 (full 0):
 garbage-first heap   total 256000K, used 156338K [0x0000000707c00000, 0x0000000800000000)
  region size 1024K, 150 young (153600K), 6 survivors (6144K)
 Metaspace       used 29933K, capacity 30651K, committed 30848K, reserved 1077248K
  class space    used 2899K, capacity 3165K, committed 3200K, reserved 1048576K
}
Event: 69,835 GC heap after
{Heap after GC invocations=6 (full 0):
 garbage-first heap   total 256000K, used 9148K [0x0000000707c00000, 0x0000000800000000)
  region size 1024K, 6 young (6144K), 6 survivors (6144K)
 Metaspace       used 29933K, capacity 30651K, committed 30848K, reserved 1077248K
  class space    used 2899K, capacity 3165K, committed 3200K, reserved 1048576K
}
Event: 97,296 GC heap before
{Heap before GC invocations=6 (full 0):
 garbage-first heap   total 256000K, used 156604K [0x0000000707c00000, 0x0000000800000000)
  region size 1024K, 150 young (153600K), 6 survivors (6144K)
 Metaspace       used 29943K, capacity 30651K, committed 30848K, reserved 1077248K
  class space    used 2900K, capacity 3165K, committed 3200K, reserved 1048576K
}
Event: 97,300 GC heap after
{Heap after GC invocations=7 (full 0):
 garbage-first heap   total 256000K, used 9193K [0x0000000707c00000, 0x0000000800000000)
  region size 1024K, 6 young (6144K), 6 survivors (6144K)
 Metaspace       used 29943K, capacity 30651K, committed 30848K, reserved 1077248K
  class space    used 2900K, capacity 3165K, committed 3200K, reserved 1048576K
}
Event: 124,869 GC heap before
{Heap before GC invocations=7 (full 0):
 garbage-first heap   total 256000K, used 156649K [0x0000000707c00000, 0x0000000800000000)
  region size 1024K, 150 young (153600K), 6 survivors (6144K)
 Metaspace       used 29943K, capacity 30651K, committed 30848K, reserved 1077248K
  class space    used 2900K, capacity 3165K, committed 3200K, reserved 1048576K
}
Event: 124,883 GC heap after
{Heap after GC invocations=8 (full 0):
 garbage-first heap   total 256000K, used 9039K [0x0000000707c00000, 0x0000000800000000)
  region size 1024K, 6 young (6144K), 6 survivors (6144K)
 Metaspace       used 29943K, capacity 30651K, committed 30848K, reserved 1077248K
  class space    used 2900K, capacity 3165K, committed 3200K, reserved 1048576K
}
Event: 157,407 GC heap before
{Heap before GC invocations=8 (full 0):
 garbage-first heap   total 256000K, used 156495K [0x0000000707c00000, 0x0000000800000000)
  region size 1024K, 150 young (153600K), 6 survivors (6144K)
 Metaspace       used 29948K, capacity 30651K, committed 30848K, reserved 1077248K
  class space    used 2900K, capacity 3165K, committed 3200K, reserved 1048576K
}
Event: 157,411 GC heap after
{Heap after GC invocations=9 (full 0):
 garbage-first heap   total 256000K, used 9213K [0x0000000707c00000, 0x0000000800000000)
  region size 1024K, 6 young (6144K), 6 survivors (6144K)
 Metaspace       used 29948K, capacity 30651K, committed 30848K, reserved 1077248K
  class space    used 2900K, capacity 3165K, committed 3200K, reserved 1048576K
}
Event: 187,063 GC heap before
{Heap before GC invocations=9 (full 0):
 garbage-first heap   total 256000K, used 156669K [0x0000000707c00000, 0x0000000800000000)
  region size 1024K, 150 young (153600K), 6 survivors (6144K)
 Metaspace       used 29948K, capacity 30651K, committed 30848K, reserved 1077248K
  class space    used 2900K, capacity 3165K, committed 3200K, reserved 1048576K
}
Event: 187,069 GC heap after
{Heap after GC invocations=10 (full 0):
 garbage-first heap   total 256000K, used 9386K [0x0000000707c00000, 0x0000000800000000)
  region size 1024K, 6 young (6144K), 6 survivors (6144K)
 Metaspace       used 29948K, capacity 30651K, committed 30848K, reserved 1077248K
  class space    used 2900K, capacity 3165K, committed 3200K, reserved 1048576K
}

