# JRE version: Java(TM) SE Runtime Environment 18.9 (11.0.11+9) (build 11.0.11+9-LTS-194)
# Java VM: Java HotSpot(TM) 64-Bit Server VM 18.9 (11.0.11+9-LTS-194, mixed mode, tiered, compressed oops, g1 gc, linux-amd64)
Heap:
 garbage-first heap   total 256000K, used 19430K [0x0000000707c00000, 0x0000000800000000)
  region size 1024K, 12 young (12288K), 1 survivors (1024K)
 Metaspace       used 30508K, capacity 31179K, committed 31488K, reserved 1077248K
  class space    used 2972K, capacity 3253K, committed 3328K, reserved 1048576K
GC Heap History (10 events):
Event: 38906,417 GC heap before
{Heap before GC invocations=1065 (full 0):
 garbage-first heap   total 256000K, used 161766K [0x0000000707c00000, 0x0000000800000000)
  region size 1024K, 150 young (153600K), 1 survivors (1024K)
 Metaspace       used 30507K, capacity 31179K, committed 31488K, reserved 1077248K
  class space    used 2972K, capacity 3253K, committed 3328K, reserved 1048576K
}
Event: 38906,419 GC heap after
{Heap after GC invocations=1066 (full 0):
 garbage-first heap   total 256000K, used 9190K [0x0000000707c00000, 0x0000000800000000)
  region size 1024K, 1 young (1024K), 1 survivors (1024K)
 Metaspace       used 30507K, capacity 31179K, committed 31488K, reserved 1077248K
  class space    used 2972K, capacity 3253K, committed 3328K, reserved 1048576K
}
Event: 38942,972 GC heap before
{Heap before GC invocations=1066 (full 0):
 garbage-first heap   total 256000K, used 161766K [0x0000000707c00000, 0x0000000800000000)
  region size 1024K, 150 young (153600K), 1 survivors (1024K)
 Metaspace       used 30507K, capacity 31179K, committed 31488K, reserved 1077248K
  class space    used 2972K, capacity 3253K, committed 3328K, reserved 1048576K
}
Event: 38942,973 GC heap after
{Heap after GC invocations=1067 (full 0):
 garbage-first heap   total 256000K, used 9190K [0x0000000707c00000, 0x0000000800000000)
  region size 1024K, 1 young (1024K), 1 survivors (1024K)
 Metaspace       used 30507K, capacity 31179K, committed 31488K, reserved 1077248K
  class space    used 2972K, capacity 3253K, committed 3328K, reserved 1048576K
}
Event: 38979,529 GC heap before
{Heap before GC invocations=1067 (full 0):
 garbage-first heap   total 256000K, used 161766K [0x0000000707c00000, 0x0000000800000000)
  region size 1024K, 150 young (153600K), 1 survivors (1024K)
 Metaspace       used 30507K, capacity 31179K, committed 31488K, reserved 1077248K
  class space    used 2972K, capacity 3253K, committed 3328K, reserved 1048576K
}
Event: 38979,531 GC heap after
{Heap after GC invocations=1068 (full 0):
 garbage-first heap   total 256000K, used 9190K [0x0000000707c00000, 0x0000000800000000)
  region size 1024K, 1 young (1024K), 1 survivors (1024K)
 Metaspace       used 30507K, capacity 31179K, committed 31488K, reserved 1077248K
  class space    used 2972K, capacity 3253K, committed 3328K, reserved 1048576K
}
Event: 39020,207 GC heap before
{Heap before GC invocations=1068 (full 0):
 garbage-first heap   total 256000K, used 161766K [0x0000000707c00000, 0x0000000800000000)
  region size 1024K, 150 young (153600K), 1 survivors (1024K)
 Metaspace       used 30507K, capacity 31179K, committed 31488K, reserved 1077248K
  class space    used 2972K, capacity 3253K, committed 3328K, reserved 1048576K
}
Event: 39020,208 GC heap after
{Heap after GC invocations=1069 (full 0):
 garbage-first heap   total 256000K, used 9190K [0x0000000707c00000, 0x0000000800000000)
  region size 1024K, 1 young (1024K), 1 survivors (1024K)
 Metaspace       used 30507K, capacity 31179K, committed 31488K, reserved 1077248K
  class space    used 2972K, capacity 3253K, committed 3328K, reserved 1048576K
}
Event: 39070,756 GC heap before
{Heap before GC invocations=1069 (full 0):
 garbage-first heap   total 256000K, used 161766K [0x0000000707c00000, 0x0000000800000000)
  region size 1024K, 150 young (153600K), 1 survivors (1024K)
 Metaspace       used 30507K, capacity 31179K, committed 31488K, reserved 1077248K
  class space    used 2972K, capacity 3253K, committed 3328K, reserved 1048576K
}
Event: 39070,757 GC heap after
{Heap after GC invocations=1070 (full 0):
 garbage-first heap   total 256000K, used 9190K [0x0000000707c00000, 0x0000000800000000)
  region size 1024K, 1 young (1024K), 1 survivors (1024K)
 Metaspace       used 30507K, capacity 31179K, committed 31488K, reserved 1077248K
  class space    used 2972K, capacity 3253K, committed 3328K, reserved 1048576K
}

